This is pdfTeX, Version 3.1415926-2.5-1.40.14 (TeX Live 2013/Debian) (format=pdflatex 2017.1.24)  14 AUG 2017 04:02
entering extended mode
 restricted \write18 enabled.
 %&-line parsing enabled.
**thesis.acl2017.template.tex
(./thesis.acl2017.template.tex
LaTeX2e <2011/06/27>
Babel <3.9h> and hyphenation patterns for 2 languages loaded.
(/usr/share/texlive/texmf-dist/tex/latex/base/article.cls
Document Class: article 2007/10/19 v1.4h Standard LaTeX document class
(/usr/share/texlive/texmf-dist/tex/latex/base/size11.clo
File: size11.clo 2007/10/19 v1.4h Standard LaTeX file (size option)
)
\c@part=\count79
\c@section=\count80
\c@subsection=\count81
\c@subsubsection=\count82
\c@paragraph=\count83
\c@subparagraph=\count84
\c@figure=\count85
\c@table=\count86
\abovecaptionskip=\skip41
\belowcaptionskip=\skip42
\bibindent=\dimen102
) (./authblk.sty
Package: authblk 2001/02/27 1.3 (PWD)
\affilsep=\skip43
\@affilsep=\skip44
\c@Maxaffil=\count87
\c@authors=\count88
\c@affil=\count89
)
(./acl2017.sty (/usr/share/texlive/texmf-dist/tex/latex/hyperref/hyperref.sty
Package: hyperref 2012/11/06 v6.83m Hypertext links for LaTeX

(/usr/share/texlive/texmf-dist/tex/generic/oberdiek/hobsub-hyperref.sty
Package: hobsub-hyperref 2012/05/28 v1.13 Bundle oberdiek, subset hyperref (HO)


(/usr/share/texlive/texmf-dist/tex/generic/oberdiek/hobsub-generic.sty
Package: hobsub-generic 2012/05/28 v1.13 Bundle oberdiek, subset generic (HO)
Package: hobsub 2012/05/28 v1.13 Construct package bundles (HO)
Package: infwarerr 2010/04/08 v1.3 Providing info/warning/error messages (HO)
Package: ltxcmds 2011/11/09 v1.22 LaTeX kernel commands for general use (HO)
Package: ifluatex 2010/03/01 v1.3 Provides the ifluatex switch (HO)
Package ifluatex Info: LuaTeX not detected.
Package: ifvtex 2010/03/01 v1.5 Detect VTeX and its facilities (HO)
Package ifvtex Info: VTeX not detected.
Package: intcalc 2007/09/27 v1.1 Expandable calculations with integers (HO)
Package: ifpdf 2011/01/30 v2.3 Provides the ifpdf switch (HO)
Package ifpdf Info: pdfTeX in PDF mode is detected.
Package: etexcmds 2011/02/16 v1.5 Avoid name clashes with e-TeX commands (HO)
Package etexcmds Info: Could not find \expanded.
(etexcmds)             That can mean that you are not using pdfTeX 1.50 or
(etexcmds)             that some package has redefined \expanded.
(etexcmds)             In the latter case, load this package earlier.
Package: kvsetkeys 2012/04/25 v1.16 Key value parser (HO)
Package: kvdefinekeys 2011/04/07 v1.3 Define keys (HO)
Package: pdftexcmds 2011/11/29 v0.20 Utility functions of pdfTeX for LuaTeX (HO
)
Package pdftexcmds Info: LuaTeX not detected.
Package pdftexcmds Info: \pdf@primitive is available.
Package pdftexcmds Info: \pdf@ifprimitive is available.
Package pdftexcmds Info: \pdfdraftmode found.
Package: pdfescape 2011/11/25 v1.13 Implements pdfTeX's escape features (HO)
Package: bigintcalc 2012/04/08 v1.3 Expandable calculations on big integers (HO
)
Package: bitset 2011/01/30 v1.1 Handle bit-vector datatype (HO)
Package: uniquecounter 2011/01/30 v1.2 Provide unlimited unique counter (HO)
)
Package hobsub Info: Skipping package `hobsub' (already loaded).
Package: letltxmacro 2010/09/02 v1.4 Let assignment for LaTeX macros (HO)
Package: hopatch 2012/05/28 v1.2 Wrapper for package hooks (HO)
Package: xcolor-patch 2011/01/30 xcolor patch
Package: atveryend 2011/06/30 v1.8 Hooks at the very end of document (HO)
Package atveryend Info: \enddocument detected (standard20110627).
Package: atbegshi 2011/10/05 v1.16 At begin shipout hook (HO)
Package: refcount 2011/10/16 v3.4 Data extraction from label references (HO)
Package: hycolor 2011/01/30 v1.7 Color options for hyperref/bookmark (HO)
)
(/usr/share/texlive/texmf-dist/tex/latex/graphics/keyval.sty
Package: keyval 1999/03/16 v1.13 key=value parser (DPC)
\KV@toks@=\toks14
)
(/usr/share/texlive/texmf-dist/tex/generic/ifxetex/ifxetex.sty
Package: ifxetex 2010/09/12 v0.6 Provides ifxetex conditional
)
(/usr/share/texlive/texmf-dist/tex/latex/oberdiek/auxhook.sty
Package: auxhook 2011/03/04 v1.3 Hooks for auxiliary files (HO)
)
(/usr/share/texlive/texmf-dist/tex/latex/oberdiek/kvoptions.sty
Package: kvoptions 2011/06/30 v3.11 Key value format for package options (HO)
)
\@linkdim=\dimen103
\Hy@linkcounter=\count90
\Hy@pagecounter=\count91

(/usr/share/texlive/texmf-dist/tex/latex/hyperref/pd1enc.def
File: pd1enc.def 2012/11/06 v6.83m Hyperref: PDFDocEncoding definition (HO)
)
\Hy@SavedSpaceFactor=\count92

(/usr/share/texlive/texmf-dist/tex/latex/latexconfig/hyperref.cfg
File: hyperref.cfg 2002/06/06 v1.2 hyperref configuration of TeXLive
)
Package hyperref Info: Hyper figures OFF on input line 4443.
Package hyperref Info: Link nesting OFF on input line 4448.
Package hyperref Info: Hyper index ON on input line 4451.
Package hyperref Info: Plain pages OFF on input line 4458.
Package hyperref Info: Backreferencing OFF on input line 4463.
Package hyperref Info: Implicit mode ON; LaTeX internals redefined.
Package hyperref Info: Bookmarks ON on input line 4688.
\c@Hy@tempcnt=\count93

(/usr/share/texlive/texmf-dist/tex/latex/url/url.sty
\Urlmuskip=\muskip10
Package: url 2013/09/16  ver 3.4  Verb mode for urls, etc.
)
LaTeX Info: Redefining \url on input line 5041.
\XeTeXLinkMargin=\dimen104
\Fld@menulength=\count94
\Field@Width=\dimen105
\Fld@charsize=\dimen106
Package hyperref Info: Hyper figures OFF on input line 6295.
Package hyperref Info: Link nesting OFF on input line 6300.
Package hyperref Info: Hyper index ON on input line 6303.
Package hyperref Info: backreferencing OFF on input line 6310.
Package hyperref Info: Link coloring OFF on input line 6315.
Package hyperref Info: Link coloring with OCG OFF on input line 6320.
Package hyperref Info: PDF/A mode OFF on input line 6325.
LaTeX Info: Redefining \ref on input line 6365.
LaTeX Info: Redefining \pageref on input line 6369.
\Hy@abspage=\count95
\c@Item=\count96
\c@Hfootnote=\count97
)

Package hyperref Message: Driver (autodetected): hpdftex.

(/usr/share/texlive/texmf-dist/tex/latex/hyperref/hpdftex.def
File: hpdftex.def 2012/11/06 v6.83m Hyperref driver for pdfTeX
\Fld@listcount=\count98
\c@bookmark@seq@number=\count99

(/usr/share/texlive/texmf-dist/tex/latex/oberdiek/rerunfilecheck.sty
Package: rerunfilecheck 2011/04/15 v1.7 Rerun checks for auxiliary files (HO)
Package uniquecounter Info: New unique counter `rerunfilecheck' on input line 2
82.
)
\Hy@SectionHShift=\skip45
)
(/usr/share/texmf/tex/latex/xcolor/xcolor.sty
Package: xcolor 2007/01/21 v2.11 LaTeX color extensions (UK)

(/usr/share/texlive/texmf-dist/tex/latex/latexconfig/color.cfg
File: color.cfg 2007/01/18 v1.5 color configuration of teTeX/TeXLive
)
Package xcolor Info: Driver file: pdftex.def on input line 225.

(/usr/share/texlive/texmf-dist/tex/latex/pdftex-def/pdftex.def
File: pdftex.def 2011/05/27 v0.06d Graphics/color for pdfTeX
\Gread@gobject=\count100
)
Package xcolor Info: Model `cmy' substituted by `cmy0' on input line 1337.
Package xcolor Info: Model `hsb' substituted by `rgb' on input line 1341.
Package xcolor Info: Model `RGB' extended on input line 1353.
Package xcolor Info: Model `HTML' substituted by `rgb' on input line 1355.
Package xcolor Info: Model `Hsb' substituted by `hsb' on input line 1356.
Package xcolor Info: Model `tHsb' substituted by `hsb' on input line 1357.
Package xcolor Info: Model `HSB' substituted by `hsb' on input line 1358.
Package xcolor Info: Model `Gray' substituted by `gray' on input line 1359.
Package xcolor Info: Model `wave' substituted by `hsb' on input line 1360.
)
Package hyperref Info: Option `colorlinks' set `true' on input line 99.

Conference Style for ACL 2017
\titlebox=\skip46
\aclrulerbox=\box26
\aclrulercount=\count101
\aclruleroffset=\dimen107
\cv@lineheight=\dimen108
\cv@boxheight=\dimen109
\cv@tmpbox=\box27
\cv@refno=\count102
\cv@tot=\count103
\cv@tmpc@=\count104
\cv@tmpc=\count105
(/usr/share/texlive/texmf-dist/tex/latex/natbib/natbib.sty
Package: natbib 2010/09/13 8.31b (PWD, AO)
\bibhang=\skip47
\bibsep=\skip48
LaTeX Info: Redefining \cite on input line 694.
\c@NAT@ctr=\count106
))
(/usr/share/texlive/texmf-dist/tex/latex/psnfss/times.sty
Package: times 2005/04/12 PSNFSS-v9.2a (SPQR) 
)
(/usr/share/texlive/texmf-dist/tex/latex/base/latexsym.sty
Package: latexsym 1998/08/17 v2.2e Standard LaTeX package (lasy symbols)
\symlasy=\mathgroup4
LaTeX Font Info:    Overwriting symbol font `lasy' in version `bold'
(Font)                  U/lasy/m/n --> U/lasy/b/n on input line 47.
)
(/usr/share/texlive/texmf-dist/tex/latex/booktabs/booktabs.sty
Package: booktabs 2005/04/14 v1.61803 publication quality tables
\heavyrulewidth=\dimen110
\lightrulewidth=\dimen111
\cmidrulewidth=\dimen112
\belowrulesep=\dimen113
\belowbottomsep=\dimen114
\aboverulesep=\dimen115
\abovetopsep=\dimen116
\cmidrulesep=\dimen117
\cmidrulekern=\dimen118
\defaultaddspace=\dimen119
\@cmidla=\count107
\@cmidlb=\count108
\@aboverulesep=\dimen120
\@belowrulesep=\dimen121
\@thisruleclass=\count109
\@lastruleclass=\count110
\@thisrulewidth=\dimen122
)
(/usr/share/texlive/texmf-dist/tex/latex/graphics/graphicx.sty
Package: graphicx 1999/02/16 v1.0f Enhanced LaTeX Graphics (DPC,SPQR)

(/usr/share/texlive/texmf-dist/tex/latex/graphics/graphics.sty
Package: graphics 2009/02/05 v1.0o Standard LaTeX Graphics (DPC,SPQR)

(/usr/share/texlive/texmf-dist/tex/latex/graphics/trig.sty
Package: trig 1999/03/16 v1.09 sin cos tan (DPC)
)
(/usr/share/texlive/texmf-dist/tex/latex/latexconfig/graphics.cfg
File: graphics.cfg 2010/04/23 v1.9 graphics configuration of TeX Live
)
Package graphics Info: Driver file: pdftex.def on input line 91.
)
\Gin@req@height=\dimen123
\Gin@req@width=\dimen124
)
(/usr/share/texlive/texmf-dist/tex/latex/amsmath/amsmath.sty
Package: amsmath 2013/01/14 v2.14 AMS math features
\@mathmargin=\skip49

For additional information on amsmath, use the `?' option.
(/usr/share/texlive/texmf-dist/tex/latex/amsmath/amstext.sty
Package: amstext 2000/06/29 v2.01

(/usr/share/texlive/texmf-dist/tex/latex/amsmath/amsgen.sty
File: amsgen.sty 1999/11/30 v2.0
\@emptytoks=\toks15
\ex@=\dimen125
))
(/usr/share/texlive/texmf-dist/tex/latex/amsmath/amsbsy.sty
Package: amsbsy 1999/11/29 v1.2d
\pmbraise@=\dimen126
)
(/usr/share/texlive/texmf-dist/tex/latex/amsmath/amsopn.sty
Package: amsopn 1999/12/14 v2.01 operator names
)
\inf@bad=\count111
LaTeX Info: Redefining \frac on input line 210.
\uproot@=\count112
\leftroot@=\count113
LaTeX Info: Redefining \overline on input line 306.
\classnum@=\count114
\DOTSCASE@=\count115
LaTeX Info: Redefining \ldots on input line 378.
LaTeX Info: Redefining \dots on input line 381.
LaTeX Info: Redefining \cdots on input line 466.
\Mathstrutbox@=\box28
\strutbox@=\box29
\big@size=\dimen127
LaTeX Font Info:    Redeclaring font encoding OML on input line 566.
LaTeX Font Info:    Redeclaring font encoding OMS on input line 567.
\macc@depth=\count116
\c@MaxMatrixCols=\count117
\dotsspace@=\muskip11
\c@parentequation=\count118
\dspbrk@lvl=\count119
\tag@help=\toks16
\row@=\count120
\column@=\count121
\maxfields@=\count122
\andhelp@=\toks17
\eqnshift@=\dimen128
\alignsep@=\dimen129
\tagshift@=\dimen130
\tagwidth@=\dimen131
\totwidth@=\dimen132
\lineht@=\dimen133
\@envbody=\toks18
\multlinegap=\skip50
\multlinetaggap=\skip51
\mathdisplay@stack=\toks19
LaTeX Info: Redefining \[ on input line 2665.
LaTeX Info: Redefining \] on input line 2666.
)
(/usr/share/texlive/texmf-dist/tex/latex/amsfonts/amsfonts.sty
Package: amsfonts 2013/01/14 v3.01 Basic AMSFonts support
\symAMSa=\mathgroup5
\symAMSb=\mathgroup6
LaTeX Font Info:    Overwriting math alphabet `\mathfrak' in version `bold'
(Font)                  U/euf/m/n --> U/euf/b/n on input line 106.
)
(/usr/share/texlive/texmf-dist/tex/latex/amsfonts/amssymb.sty
Package: amssymb 2013/01/14 v3.01 AMS font symbols
)
(/usr/share/texlive/texmf-dist/tex/latex/tools/xspace.sty
Package: xspace 2009/10/20 v1.13 Space after command names (DPC,MH)
)
(/usr/share/texlive/texmf-dist/tex/latex/psnfss/pifont.sty
Package: pifont 2005/04/12 PSNFSS-v9.2a Pi font support (SPQR) 
LaTeX Font Info:    Try loading font information for U+pzd on input line 63.

(/usr/share/texlive/texmf-dist/tex/latex/psnfss/upzd.fd
File: upzd.fd 2001/06/04 font definitions for U/pzd.
)
LaTeX Font Info:    Try loading font information for U+psy on input line 64.

(/usr/share/texlive/texmf-dist/tex/latex/psnfss/upsy.fd
File: upsy.fd 2001/06/04 font definitions for U/psy.
))
\affbox=\box30

(./thesis.acl2017.template.aux)
\openout1 = `thesis.acl2017.template.aux'.

LaTeX Font Info:    Checking defaults for OML/cmm/m/it on input line 92.
LaTeX Font Info:    ... okay on input line 92.
LaTeX Font Info:    Checking defaults for T1/cmr/m/n on input line 92.
LaTeX Font Info:    ... okay on input line 92.
LaTeX Font Info:    Checking defaults for OT1/cmr/m/n on input line 92.
LaTeX Font Info:    ... okay on input line 92.
LaTeX Font Info:    Checking defaults for OMS/cmsy/m/n on input line 92.
LaTeX Font Info:    ... okay on input line 92.
LaTeX Font Info:    Checking defaults for OMX/cmex/m/n on input line 92.
LaTeX Font Info:    ... okay on input line 92.
LaTeX Font Info:    Checking defaults for U/cmr/m/n on input line 92.
LaTeX Font Info:    ... okay on input line 92.
LaTeX Font Info:    Checking defaults for PD1/pdf/m/n on input line 92.
LaTeX Font Info:    ... okay on input line 92.
LaTeX Font Info:    Try loading font information for OT1+ptm on input line 92.

(/usr/share/texlive/texmf-dist/tex/latex/psnfss/ot1ptm.fd
File: ot1ptm.fd 2001/06/04 font definitions for OT1/ptm.
)
\AtBeginShipoutBox=\box31
Package hyperref Info: Link coloring ON on input line 92.

(/usr/share/texlive/texmf-dist/tex/latex/hyperref/nameref.sty
Package: nameref 2012/10/27 v2.43 Cross-referencing by name of section

(/usr/share/texlive/texmf-dist/tex/generic/oberdiek/gettitlestring.sty
Package: gettitlestring 2010/12/03 v1.4 Cleanup title references (HO)
)
\c@section@level=\count123
)
LaTeX Info: Redefining \ref on input line 92.
LaTeX Info: Redefining \pageref on input line 92.
LaTeX Info: Redefining \nameref on input line 92.

(./thesis.acl2017.template.out) (./thesis.acl2017.template.out)
\@outlinefile=\write3
\openout3 = `thesis.acl2017.template.out'.


(/usr/share/texlive/texmf-dist/tex/context/base/supp-pdf.mkii
[Loading MPS to PDF converter (version 2006.09.02).]
\scratchcounter=\count124
\scratchdimen=\dimen134
\scratchbox=\box32
\nofMPsegments=\count125
\nofMParguments=\count126
\everyMPshowfont=\toks20
\MPscratchCnt=\count127
\MPscratchDim=\dimen135
\MPnumerator=\count128
\makeMPintoPDFobject=\count129
\everyMPtoPDFconversion=\toks21
) ABD: EveryShipout initializing macros
(/usr/share/texlive/texmf-dist/tex/latex/oberdiek/epstopdf-base.sty
Package: epstopdf-base 2010/02/09 v2.5 Base part for package epstopdf

(/usr/share/texlive/texmf-dist/tex/latex/oberdiek/grfext.sty
Package: grfext 2010/08/19 v1.1 Manage graphics extensions (HO)
)
Package grfext Info: Graphics extension search list:
(grfext)             [.png,.pdf,.jpg,.mps,.jpeg,.jbig2,.jb2,.PNG,.PDF,.JPG,.JPE
G,.JBIG2,.JB2,.eps]
(grfext)             \AppendGraphicsExtensions on input line 452.

(/usr/share/texlive/texmf-dist/tex/latex/latexconfig/epstopdf-sys.cfg
File: epstopdf-sys.cfg 2010/07/13 v1.3 Configuration of (r)epstopdf for TeX Liv
e
))
LaTeX Font Info:    Font shape `OT1/ptm/bx/n' in size <14.4> not available
(Font)              Font shape `OT1/ptm/b/n' tried instead on input line 93.
LaTeX Font Info:    Try loading font information for U+lasy on input line 93.

(/usr/share/texlive/texmf-dist/tex/latex/base/ulasy.fd
File: ulasy.fd 1998/08/17 v2.2e LaTeX symbol font definitions
)
LaTeX Font Info:    Try loading font information for U+msa on input line 93.

(/usr/share/texlive/texmf-dist/tex/latex/amsfonts/umsa.fd
File: umsa.fd 2013/01/14 v3.01 AMS symbols A
)
LaTeX Font Info:    Try loading font information for U+msb on input line 93.

(/usr/share/texlive/texmf-dist/tex/latex/amsfonts/umsb.fd
File: umsb.fd 2013/01/14 v3.01 AMS symbols B
)
LaTeX Font Info:    Font shape `OT1/ptm/bx/n' in size <12> not available
(Font)              Font shape `OT1/ptm/b/n' tried instead on input line 93.
LaTeX Font Info:    Font shape `OT1/ptm/bx/n' in size <8> not available
(Font)              Font shape `OT1/ptm/b/n' tried instead on input line 93.
LaTeX Font Info:    Font shape `OT1/ptm/bx/n' in size <10.95> not available
(Font)              Font shape `OT1/ptm/b/n' tried instead on input line 93.
LaTeX Font Info:    Try loading font information for OT1+pcr on input line 93.

(/usr/share/texlive/texmf-dist/tex/latex/psnfss/ot1pcr.fd
File: ot1pcr.fd 2001/06/04 font definitions for OT1/pcr.
)
Missing character: There is no ‚ in font ptmr7t!
Missing character: There is no Ä in font ptmr7t!
Missing character: There is no ò in font ptmr7t!
Missing character: There is no ‚ in font ptmr7t!
Missing character: There is no Ä in font ptmr7t!
Missing character: There is no ô in font ptmr7t!

Underfull \vbox (badness 10000) has occurred while \output is active []

 [1{/var/lib/texmf/fonts/map/pdftex/updmap/pdftex.map}



]
LaTeX Font Info:    Font shape `OT1/ptm/bx/sc' in size <10.95> not available
(Font)              Font shape `OT1/ptm/b/sc' tried instead on input line 162.

Underfull \hbox (badness 1102) in paragraph at lines 165--174
\OT1/ptm/m/n/10.95 newswires cho-sen by NIST staff, and sys-tem
 []


Underfull \vbox (badness 10000) has occurred while \output is active []


<../../my_diagrams/DUC_dataset/scatter_CS_MLQ.png, id=29, 462.528pt x 346.896pt
>
File: ../../my_diagrams/DUC_dataset/scatter_CS_MLQ.png Graphic file (type png)
 <use ../../my_diagrams/DUC_dataset/scatter_CS_MLQ.png>
Package pdftex.def Info: ../../my_diagrams/DUC_dataset/scatter_CS_MLQ.png used 
on input line 193.
(pdftex.def)             Requested size: 231.26343pt x 173.44757pt.

Overfull \hbox (12.1773pt too wide) in paragraph at lines 193--194
 [][] 
 []


<../../my_diagrams/DUC_dataset/density_plots.png, id=31, 462.528pt x 346.896pt>
File: ../../my_diagrams/DUC_dataset/density_plots.png Graphic file (type png)
<use ../../my_diagrams/DUC_dataset/density_plots.png>
Package pdftex.def Info: ../../my_diagrams/DUC_dataset/density_plots.png used o
n input line 200.
(pdftex.def)             Requested size: 231.26343pt x 173.44757pt.

Overfull \hbox (12.1773pt too wide) in paragraph at lines 200--201
 [][] 
 []

Missing character: There is no ‚ in font ptmr7t!
Missing character: There is no Ä in font ptmr7t!
Missing character: There is no ú in font ptmr7t!
Missing character: There is no ‚ in font ptmr7t!
Missing character: There is no Ä in font ptmr7t!
Missing character: There is no ù in font ptmr7t!
Missing character: There is no ‚ in font ptmr7t!
Missing character: There is no Ä in font ptmr7t!
Missing character: There is no ú in font ptmr7t!
Missing character: There is no ‚ in font ptmr7t!
Missing character: There is no Ä in font ptmr7t!
Missing character: There is no ù in font ptmr7t!
Missing character: There is no ‚ in font ptmr7t!
Missing character: There is no Ä in font ptmr7t!
Missing character: There is no ú in font ptmr7t!
Missing character: There is no ‚ in font ptmr7t!
Missing character: There is no Ä in font ptmr7t!
Missing character: There is no ù in font ptmr7t!
Missing character: There is no ‚ in font ptmr7t!
Missing character: There is no Ä in font ptmr7t!
Missing character: There is no ú in font ptmr7t!
Missing character: There is no ‚ in font ptmr7t!
Missing character: There is no Ä in font ptmr7t!
Missing character: There is no ù in font ptmr7t!
Missing character: There is no ‚ in font ptmr7t!
Missing character: There is no Ä in font ptmr7t!
Missing character: There is no ú in font ptmr7t!
Missing character: There is no ‚ in font ptmr7t!
Missing character: There is no Ä in font ptmr7t!
Missing character: There is no ù in font ptmr7t!
[2]
Missing character: There is no ‚ in font ptmr7t!
Missing character: There is no Ä in font ptmr7t!
Missing character: There is no ú in font ptmr7t!
Missing character: There is no ‚ in font ptmr7t!
Missing character: There is no Ä in font ptmr7t!
Missing character: There is no ù in font ptmr7t!
Missing character: There is no ‚ in font ptmr7t!
Missing character: There is no Ä in font ptmr7t!
Missing character: There is no ú in font ptmr7t!
Missing character: There is no ‚ in font ptmr7t!
Missing character: There is no Ä in font ptmr7t!
Missing character: There is no ù in font ptmr7t!

Underfull \hbox (badness 6792) in paragraph at lines 231--237
[]\OT1/ptm/m/n/10.95 Human as-sess-ment was pro-vided by the
 []


LaTeX Warning: No positions in optional float specifier.
               Default added (so using `tbp') on input line 242.


LaTeX Warning: No positions in optional float specifier.
               Default added (so using `tbp') on input line 258.


Overfull \hbox (5.24207pt too wide) in paragraph at lines 262--270
[][]
 []


Underfull \hbox (badness 10000) in paragraph at lines 262--270

 []

[3 <../../my_diagrams/DUC_dataset/scatter_CS_MLQ.png> <../../my_diagrams/DUC_da
taset/density_plots.png>]
Missing character: There is no ‚ in font ptmr7t!
Missing character: There is no Ä in font ptmr7t!
Missing character: There is no ô in font ptmr7t!

Underfull \hbox (badness 6364) in paragraph at lines 330--334
[]\OT1/ptm/m/n/10.95 The \OT1/ptm/m/sc/10.95 rouge \OT1/ptm/m/n/10.95 met-rics 
we used in-clude 8
 []


Underfull \hbox (badness 2922) in paragraph at lines 330--334
\OT1/ptm/m/n/10.95 1;2;3;4;S4;SU4;W;L), bi-nary set-tings such as
 []

Missing character: There is no ‚ in font ptmr7t!
Missing character: There is no Ä in font ptmr7t!
Missing character: There is no ú in font ptmr7t!
Missing character: There is no ‚ in font ptmr7t!
Missing character: There is no Ä in font ptmr7t!
Missing character: There is no ù in font ptmr7t!
Missing character: There is no ‚ in font ptmr7t!
Missing character: There is no Ä in font ptmr7t!
Missing character: There is no ú in font ptmr7t!
Missing character: There is no ‚ in font ptmr7t!
Missing character: There is no Ä in font ptmr7t!
Missing character: There is no ù in font ptmr7t!
[4]
<../../my_diagrams/DUC_dataset/DUC_s-rouge.png, id=87, 642.4pt x 699.61375pt>
File: ../../my_diagrams/DUC_dataset/DUC_s-rouge.png Graphic file (type png)

<use ../../my_diagrams/DUC_dataset/DUC_s-rouge.png>
Package pdftex.def Info: ../../my_diagrams/DUC_dataset/DUC_s-rouge.png used on 
input line 361.
(pdftex.def)             Requested size: 224.84337pt x 244.86848pt.

Overfull \hbox (5.75725pt too wide) in paragraph at lines 361--362
 [][] 
 []


<../../my_diagrams/BioASQ_networks/BioASQ-s-rouge.png, id=88, 587.19376pt x 684
.5575pt>
File: ../../my_diagrams/BioASQ_networks/BioASQ-s-rouge.png Graphic file (type p
ng)
 <use ../../my_diagrams/BioASQ_networks/BioASQ-s-rouge.png>
Package pdftex.def Info: ../../my_diagrams/BioASQ_networks/BioASQ-s-rouge.png u
sed on input line 370.
(pdftex.def)             Requested size: 205.52089pt x 239.59871pt.

<../../my_diagrams/BioASQ_networks/BioASQ-m_rouge.png, id=89, 605.26125pt x 747
.79375pt>
File: ../../my_diagrams/BioASQ_networks/BioASQ-m_rouge.png Graphic file (type p
ng)
 <use ../../my_diagrams/BioASQ_networks/BioASQ-m_rouge.png>
Package pdftex.def Info: ../../my_diagrams/BioASQ_networks/BioASQ-m_rouge.png u
sed on input line 379.
(pdftex.def)             Requested size: 211.8446pt x 261.73172pt.

Underfull \hbox (badness 4096) in paragraph at lines 380--380
[]\OT1/ptm/m/n/10.95 Figure 5: []\OT1/ptm/m/sc/10.95 m-rouge \OT1/ptm/m/n/10.95
 net-work used on the
 []


Underfull \hbox (badness 1194) in paragraph at lines 391--399
[]\OT1/ptm/m/n/10.95 Those lim-i-ta-tions have to do both with its
 []

[5 <../../my_diagrams/DUC_dataset/DUC_s-rouge.png> <../../my_diagrams/BioASQ_ne
tworks/BioASQ-s-rouge.png>]
Underfull \hbox (badness 1122) in paragraph at lines 427--432
[]\OT1/ptm/m/n/10.95 In the case of \OT1/ptm/m/sc/10.95 BioASQ\OT1/ptm/m/n/10.9
5 , the word em-bed-
 []


<../../my_diagrams/DUC_dataset/DUC_s-cent.png, id=108, 668.4975pt x 871.255pt>
File: ../../my_diagrams/DUC_dataset/DUC_s-cent.png Graphic file (type png)

<use ../../my_diagrams/DUC_dataset/DUC_s-cent.png>
Package pdftex.def Info: ../../my_diagrams/DUC_dataset/DUC_s-cent.png used on i
nput line 440.
(pdftex.def)             Requested size: 233.97763pt x 304.94382pt.

Overfull \hbox (14.89151pt too wide) in paragraph at lines 440--441
 [][] 
 []


<../../my_diagrams/BioASQ_networks/BioASQ_s-cent.png, id=109, 596.2275pt x 773.
89125pt>
File: ../../my_diagrams/BioASQ_networks/BioASQ_s-cent.png Graphic file (type pn
g)
 <use ../../my_diagrams/BioASQ_networks/BioASQ_s-cent.png>
Package pdftex.def Info: ../../my_diagrams/BioASQ_networks/BioASQ_s-cent.png us
ed on input line 449.
(pdftex.def)             Requested size: 208.68274pt x 270.866pt.

<../../my_diagrams/BioASQ_networks/BioASQ_m-cent.png, id=110, 680.5425pt x 869.
2475pt>
File: ../../my_diagrams/BioASQ_networks/BioASQ_m-cent.png Graphic file (type pn
g)
 <use ../../my_diagrams/BioASQ_networks/BioASQ_m-cent.png>
Package pdftex.def Info: ../../my_diagrams/BioASQ_networks/BioASQ_m-cent.png us
ed on input line 458.
(pdftex.def)             Requested size: 238.19344pt x 304.24118pt.

Overfull \hbox (19.10732pt too wide) in paragraph at lines 458--459
 [][] 
 []


Underfull \vbox (badness 10000) has occurred while \output is active []

 [6 <../../my_diagrams/BioASQ_networks/BioASQ-m_rouge.png> <../../my_diagrams/D
UC_dataset/DUC_s-cent.png>]
Underfull \vbox (badness 2617) has occurred while \output is active []



LaTeX Warning: No positions in optional float specifier.
               Default added (so using `tbp') on input line 514.


Underfull \vbox (badness 1137) has occurred while \output is active []

 [7 <../../my_diagrams/BioASQ_networks/BioASQ_s-cent.png> <../../my_diagrams/Bi
oASQ_networks/BioASQ_m-cent.png>] [8]

LaTeX Warning: No positions in optional float specifier.
               Default added (so using `tbp') on input line 600.


Overfull \hbox (1.20964pt too wide) in paragraph at lines 604--671
[][]
 []


Underfull \hbox (badness 10000) in paragraph at lines 604--671

 []


LaTeX Warning: No positions in optional float specifier.
               Default added (so using `tbp') on input line 690.


Underfull \vbox (badness 10000) has occurred while \output is active []



LaTeX Warning: No positions in optional float specifier.
               Default added (so using `tbp') on input line 776.


LaTeX Warning: No positions in optional float specifier.
               Default added (so using `tbp') on input line 861.


Underfull \hbox (badness 1577) in paragraph at lines 936--946
\OT1/ptm/m/n/10.95 the strongest cor-re-la-tion is a \OT1/ptm/m/sc/10.95 rouge 
\OT1/ptm/m/n/10.95 vari-ant,
 []


LaTeX Warning: No positions in optional float specifier.
               Default added (so using `tbp') on input line 947.


Overfull \hbox (8.4292pt too wide) in paragraph at lines 951--1018
[][]
 []


Underfull \hbox (badness 10000) in paragraph at lines 951--1018

 []

[9] [10] [11] [12] [13] [14]
Missing character: There is no ‚ in font ptmr7t!
Missing character: There is no Ä in font ptmr7t!
Missing character: There is no ô in font ptmr7t!
Missing character: There is no ‚ in font ptmr7t!
Missing character: There is no Ä in font ptmr7t!
Missing character: There is no ô in font ptmr7t!
Missing character: There is no ‚ in font ptmr7t!
Missing character: There is no Ä in font ptmr7t!
Missing character: There is no ô in font ptmr7t!

Underfull \vbox (badness 6047) has occurred while \output is active []


(./thesis.acl2017.template.bbl
Underfull \hbox (badness 2142) in paragraph at lines 6--15
[]\OT1/ptm/m/n/10 Georgios-Ioannis Brokos, Pro-dro-mos Malaka-si-o-tis,
 []


Underfull \hbox (badness 2538) in paragraph at lines 6--15
\OT1/ptm/m/n/10 and Ion An-drout-sopou-los. 2016.  [][]Us-ing cen-
 []


Underfull \hbox (badness 2529) in paragraph at lines 6--15
\OT1/ptm/m/n/10 troids of word em-bed-dings and word mover's
 []


Underfull \hbox (badness 4518) in paragraph at lines 6--15
\OT1/ptm/m/n/10 dis-tance for biomed-i-cal doc-u-ment re-trieval in
 []


Underfull \hbox (badness 4765) in paragraph at lines 6--15
\OT1/ptm/m/n/10 ques-tion an-swer-ing[][].  In \OT1/ptm/m/it/10 Pro-ceed-ings o
f the
 []


Underfull \hbox (badness 10000) in paragraph at lines 6--15
\OT1/ptm/m/it/10 15th Work-shop on Biomed-i-cal Nat-u-ral Lan-
 []


Underfull \hbox (badness 4060) in paragraph at lines 6--15
\OT1/ptm/m/n/10 Lin-guis-tics, Berlin, Ger-many, pages 114--118.
 []


Underfull \hbox (badness 3098) in paragraph at lines 17--25
[]\OT1/ptm/m/n/10 Yvette Gra-ham. 2015.  [][]Re-evaluating au-to-matic
 []


Underfull \hbox (badness 5504) in paragraph at lines 17--25
\OT1/ptm/m/n/10 sum-ma-riza-tion with bleu and 192 shades of
 []


Underfull \hbox (badness 2941) in paragraph at lines 17--25
\OT1/ptm/m/n/10 rouge[][].  In \OT1/ptm/m/it/10 Pro-ceed-ings of the 2015 Con-f
er-
 []


Underfull \hbox (badness 1924) in paragraph at lines 17--25
\OT1/ptm/m/it/10 Pro-cess-ing\OT1/ptm/m/n/10 . As-so-ci-a-tion for Com-pu-ta-ti
onal Lin-
 []

[15]
Underfull \hbox (badness 1590) in paragraph at lines 54--62
\OT1/ptm/m/n/10 for rouge[][].  In \OT1/ptm/m/it/10 Pro-ceed-ings of the 2015 C
on-
 []


Underfull \hbox (badness 1454) in paragraph at lines 54--62
\OT1/ptm/m/it/10 fer-ence on Em-pir-i-cal Meth-ods in Nat-u-ral Lan-
 []


Underfull \hbox (badness 1448) in paragraph at lines 81--89
\OT1/ptm/m/n/10 131--136.  [][]http://www.aclweb.org/anthology/P13-
 []


Underfull \hbox (badness 2452) in paragraph at lines 95--102
\OT1/ptm/m/n/10 A. Krithara, S. Petridis, D. Poly-chronopou-los,
 []

)
Package atveryend Info: Empty hook `BeforeClearDocument' on input line 1091.
 [16

]
Package atveryend Info: Empty hook `AfterLastShipout' on input line 1091.
 (./thesis.acl2017.template.aux)
Package atveryend Info: Executing hook `AtVeryEndDocument' on input line 1091.
Package atveryend Info: Executing hook `AtEndAfterFileList' on input line 1091.

Package rerunfilecheck Info: File `thesis.acl2017.template.out' has not changed
.
(rerunfilecheck)             Checksum: D41D8CD98F00B204E9800998ECF8427E;0.
Package atveryend Info: Empty hook `AtVeryVeryEnd' on input line 1091.
 )
(\end occurred when \iffalse on line 337 was incomplete) 
Here is how much of TeX's memory you used:
 7303 strings out of 495028
 103594 string characters out of 6181497
 402254 words of memory out of 5000000
 10321 multiletter control sequences out of 15000+600000
 36648 words of font info for 85 fonts, out of 8000000 for 9000
 14 hyphenation exceptions out of 8191
 36i,14n,37p,950b,438s stack positions out of 5000i,500n,10000p,200000b,80000s
{/usr/share/texlive/tex
mf-dist/fonts/enc/dvips/base/8r.enc}</usr/share/texlive/texmf-dist/fonts/type1/
public/amsfonts/cm/cmex10.pfb></usr/share/texlive/texmf-dist/fonts/type1/public
/amsfonts/cm/cmmi10.pfb></usr/share/texlive/texmf-dist/fonts/type1/public/amsfo
nts/cm/cmmi7.pfb></usr/share/texlive/texmf-dist/fonts/type1/public/amsfonts/cm/
cmmi8.pfb></usr/share/texlive/texmf-dist/fonts/type1/public/amsfonts/cm/cmr10.p
fb></usr/share/texlive/texmf-dist/fonts/type1/public/amsfonts/cm/cmr8.pfb></usr
/share/texlive/texmf-dist/fonts/type1/public/amsfonts/cm/cmsy10.pfb></usr/share
/texlive/texmf-dist/fonts/type1/public/amsfonts/cm/cmsy7.pfb></usr/share/texliv
e/texmf-dist/fonts/type1/public/amsfonts/cm/cmsy8.pfb></usr/share/texlive/texmf
-dist/fonts/type1/urw/courier/ucrr8a.pfb></usr/share/texlive/texmf-dist/fonts/t
ype1/urw/times/utmb8a.pfb></usr/share/texlive/texmf-dist/fonts/type1/urw/times/
utmr8a.pfb></usr/share/texlive/texmf-dist/fonts/type1/urw/times/utmri8a.pfb>
Output written on thesis.acl2017.template.pdf (16 pages, 592243 bytes).
PDF statistics:
 277 PDF objects out of 1000 (max. 8388607)
 227 compressed objects within 3 object streams
 63 named destinations out of 1000 (max. 500000)
 41 words of extra memory for PDF output out of 10000 (max. 10000000)

